2025-10-02 23:27:10 - Loaded .env file
2025-10-02 23:27:11 - Your app is available at http://localhost:8001
2025-10-02 23:27:14 - Translated markdown file for zh-TW not found. Defaulting to chainlit.md.
2025-10-02 23:27:14 - 1 change detected
2025-10-02 23:27:14 - 1 change detected
Exception ignored in: <async_generator object stdio_client at 0x7990053020c0>
Traceback (most recent call last):
  File "/home/jack/coding_project/2025/chainlit/chatbot3/mcp_client/client.py", line 36, in connect_server
    read, write = await stdio_client(server_params).__aenter__()
RuntimeError: async generator ignored GeneratorExit
2025-10-02 23:27:14 - 1 change detected
Exception ignored in: <async_generator object stdio_client at 0x7990053023c0>
Traceback (most recent call last):
  File "/home/jack/coding_project/2025/chainlit/chatbot3/mcp_client/client.py", line 36, in connect_server
    read, write = await stdio_client(server_params).__aenter__()
RuntimeError: async generator ignored GeneratorExit
2025-10-02 23:27:14 - 1 change detected
2025-10-02 23:27:14 - 1 change detected
2025-10-02 23:27:15 - 1 change detected
2025-10-02 23:27:15 - 1 change detected
2025-10-02 23:27:15 - 1 change detected
2025-10-02 23:27:15 - 1 change detected
2025-10-02 23:27:16 - 1 change detected
2025-10-02 23:27:16 - 1 change detected
2025-10-02 23:27:16 - 1 change detected
2025-10-02 23:27:16 - 1 change detected
2025-10-02 23:27:16 - 1 change detected
2025-10-02 23:27:16 - 1 change detected
2025-10-02 23:27:17 - 1 change detected
2025-10-02 23:27:17 - 1 change detected
2025-10-02 23:27:17 - 1 change detected
2025-10-02 23:27:17 - 1 change detected
2025-10-02 23:27:17 - 1 change detected
2025-10-02 23:27:17 - 1 change detected
2025-10-02 23:27:18 - 1 change detected
2025-10-02 23:27:18 - 1 change detected
2025-10-02 23:27:18 - 1 change detected
2025-10-02 23:27:18 - 1 change detected
2025-10-02 23:27:18 - 1 change detected
2025-10-02 23:27:18 - 1 change detected
2025-10-02 23:27:19 - 1 change detected
2025-10-02 23:27:19 - 1 change detected
2025-10-02 23:27:19 - 1 change detected
2025-10-02 23:27:19 - 1 change detected
2025-10-02 23:27:19 - 1 change detected
2025-10-02 23:27:20 - 1 change detected
2025-10-02 23:27:20 - 1 change detected
2025-10-02 23:27:20 - 1 change detected
2025-10-02 23:27:20 - 1 change detected
2025-10-02 23:27:20 - 1 change detected
2025-10-02 23:27:21 - 1 change detected
2025-10-02 23:27:21 - 1 change detected
2025-10-02 23:27:21 - 1 change detected
2025-10-02 23:27:21 - 1 change detected
2025-10-02 23:27:21 - 1 change detected
2025-10-02 23:27:21 - 1 change detected
2025-10-02 23:27:22 - 1 change detected
2025-10-02 23:27:22 - 1 change detected
2025-10-02 23:27:22 - 1 change detected
2025-10-02 23:27:22 - 1 change detected
2025-10-02 23:27:22 - 1 change detected
2025-10-02 23:27:22 - 1 change detected
2025-10-02 23:27:22 - 1 change detected
2025-10-02 23:27:23 - 1 change detected
2025-10-02 23:27:23 - 1 change detected
2025-10-02 23:27:23 - 1 change detected
2025-10-02 23:27:23 - 1 change detected
2025-10-02 23:27:23 - 1 change detected
2025-10-02 23:27:24 - 1 change detected
2025-10-02 23:27:24 - 1 change detected
2025-10-02 23:27:24 - 1 change detected
2025-10-02 23:27:24 - 1 change detected
2025-10-02 23:27:24 - 1 change detected
2025-10-02 23:27:25 - 1 change detected
2025-10-02 23:27:25 - 1 change detected
2025-10-02 23:27:25 - 1 change detected
2025-10-02 23:27:25 - 1 change detected
2025-10-02 23:27:25 - 1 change detected
2025-10-02 23:27:26 - 1 change detected
2025-10-02 23:27:26 - 1 change detected
2025-10-02 23:27:26 - 1 change detected
2025-10-02 23:27:26 - 1 change detected
2025-10-02 23:27:26 - 1 change detected
2025-10-02 23:27:27 - 1 change detected
2025-10-02 23:27:27 - 1 change detected
2025-10-02 23:27:27 - 1 change detected
2025-10-02 23:27:27 - 1 change detected
2025-10-02 23:27:27 - 1 change detected
2025-10-02 23:27:28 - 1 change detected
2025-10-02 23:27:28 - 1 change detected
2025-10-02 23:27:28 - 1 change detected
2025-10-02 23:27:28 - 1 change detected
2025-10-02 23:27:29 - 1 change detected
2025-10-02 23:27:29 - 1 change detected
2025-10-02 23:27:29 - 1 change detected
2025-10-02 23:27:29 - 1 change detected
